Arguments: 
  /home/bluebash/.nvm/versions/node/v14.10.0/bin/node /home/bluebash/.nvm/versions/node/v14.10.0/bin/yarn add v1.1

PATH: 
  /home/bluebash/.rvm/gems/ruby-3.1.2/bin:/home/bluebash/.rvm/gems/ruby-3.1.2@global/bin:/home/bluebash/.rvm/rubies/ruby-3.1.2/bin:/home/bluebash/.rvm/bin:/home/bluebash/.nvm/versions/node/v14.10.0/bin:/usr/local/sbin:/usr/local/bin:/usr/sbin:/usr/bin:/sbin:/bin:/usr/games:/usr/local/games:/snap/bin

Yarn version: 
  1.22.19

Node version: 
  14.10.0

Platform: 
  linux x64

Trace: 
  Error: https://registry.yarnpkg.com/v1.1: Not found
      at Request.params.callback [as _callback] (/home/bluebash/.nvm/versions/node/v14.10.0/lib/node_modules/yarn/lib/cli.js:66145:18)
      at Request.self.callback (/home/bluebash/.nvm/versions/node/v14.10.0/lib/node_modules/yarn/lib/cli.js:140890:22)
      at Request.emit (events.js:314:20)
      at Request.<anonymous> (/home/bluebash/.nvm/versions/node/v14.10.0/lib/node_modules/yarn/lib/cli.js:141862:10)
      at Request.emit (events.js:314:20)
      at IncomingMessage.<anonymous> (/home/bluebash/.nvm/versions/node/v14.10.0/lib/node_modules/yarn/lib/cli.js:141784:12)
      at Object.onceWrapper (events.js:420:28)
      at IncomingMessage.emit (events.js:326:22)
      at endReadableNT (_stream_readable.js:1308:12)
      at processTicksAndRejections (internal/process/task_queues.js:80:21)

npm manifest: 
  {
    "name": "app",
    "private": "true",
    "dependencies": {
      "@spree/dashboard": "^0.2.1",
      "esbuild": "^0.18.16"
    },
    "scripts": { "build": "esbuild app/javascript/*.* --bundle --sourcemap --outdir=app/assets/builds --public-path=/assets" }
  }

yarn manifest: 
  No manifest

Lockfile: 
  # THIS IS AN AUTOGENERATED FILE. DO NOT EDIT THIS FILE DIRECTLY.
  # yarn lockfile v1
  
  
  "@esbuild/android-arm64@0.18.16":
    version "0.18.16"
    resolved "https://registry.yarnpkg.com/@esbuild/android-arm64/-/android-arm64-0.18.16.tgz#34f562abc0015933aabd41b3d50d8d3359e30155"
    integrity sha512-wsCqSPqLz+6Ov+OM4EthU43DyYVVyfn15S4j1bJzylDpc1r1jZFFfJQNfDuT8SlgwuqpmpJXK4uPlHGw6ve7eA==
  
  "@esbuild/android-arm@0.18.16":
    version "0.18.16"
    resolved "https://registry.yarnpkg.com/@esbuild/android-arm/-/android-arm-0.18.16.tgz#ef6f9aa59a79a9b9330a2e73f7eb402c6630c267"
    integrity sha512-gCHjjQmA8L0soklKbLKA6pgsLk1byULuHe94lkZDzcO3/Ta+bbeewJioEn1Fr7kgy9NWNFy/C+MrBwC6I/WCug==
  
  "@esbuild/android-x64@0.18.16":
    version "0.18.16"
    resolved "https://registry.yarnpkg.com/@esbuild/android-x64/-/android-x64-0.18.16.tgz#ed7444cb17542932c67b15e20528686853239cfd"
    integrity sha512-ldsTXolyA3eTQ1//4DS+E15xl0H/3DTRJaRL0/0PgkqDsI0fV/FlOtD+h0u/AUJr+eOTlZv4aC9gvfppo3C4sw==
  
  "@esbuild/darwin-arm64@0.18.16":
    version "0.18.16"
    resolved "https://registry.yarnpkg.com/@esbuild/darwin-arm64/-/darwin-arm64-0.18.16.tgz#3c5a083e6e08a50f478fa243939989d86be1c6bf"
    integrity sha512-aBxruWCII+OtluORR/KvisEw0ALuw/qDQWvkoosA+c/ngC/Kwk0lLaZ+B++LLS481/VdydB2u6tYpWxUfnLAIw==
  
  "@esbuild/darwin-x64@0.18.16":
    version "0.18.16"
    resolved "https://registry.yarnpkg.com/@esbuild/darwin-x64/-/darwin-x64-0.18.16.tgz#a8f3b61bee2807131cbe28eb164ad2b0333b59f5"
    integrity sha512-6w4Dbue280+rp3LnkgmriS1icOUZDyPuZo/9VsuMUTns7SYEiOaJ7Ca1cbhu9KVObAWfmdjUl4gwy9TIgiO5eA==
  
  "@esbuild/freebsd-arm64@0.18.16":
    version "0.18.16"
    resolved "https://registry.yarnpkg.com/@esbuild/freebsd-arm64/-/freebsd-arm64-0.18.16.tgz#9bdbb3f0e5f0842b21c9b8602e70c106174ac24c"
    integrity sha512-x35fCebhe9s979DGKbVAwXUOcTmCIE32AIqB9CB1GralMIvxdnMLAw5CnID17ipEw9/3MvDsusj/cspYt2ZLNQ==
  
  "@esbuild/freebsd-x64@0.18.16":
    version "0.18.16"
    resolved "https://registry.yarnpkg.com/@esbuild/freebsd-x64/-/freebsd-x64-0.18.16.tgz#24f73956436495cc7a5a4bf06be6b661aea6a2c1"
    integrity sha512-YM98f+PeNXF3GbxIJlUsj+McUWG1irguBHkszCIwfr3BXtXZsXo0vqybjUDFfu9a8Wr7uUD/YSmHib+EeGAFlg==
  
  "@esbuild/linux-arm64@0.18.16":
    version "0.18.16"
    resolved "https://registry.yarnpkg.com/@esbuild/linux-arm64/-/linux-arm64-0.18.16.tgz#244569757f9cbd912f5a595a8ad8144f8c915f13"
    integrity sha512-XIqhNUxJiuy+zsR77+H5Z2f7s4YRlriSJKtvx99nJuG5ATuJPjmZ9n0ANgnGlPCpXGSReFpgcJ7O3SMtzIFeiQ==
  
  "@esbuild/linux-arm@0.18.16":
    version "0.18.16"
    resolved "https://registry.yarnpkg.com/@esbuild/linux-arm/-/linux-arm-0.18.16.tgz#d63923c63af534032cc5ea0b2a0b3de10f8357f5"
    integrity sha512-b5ABb+5Ha2C9JkeZXV+b+OruR1tJ33ePmv9ZwMeETSEKlmu/WJ45XTTG+l6a2KDsQtJJ66qo/hbSGBtk0XVLHw==
  
  "@esbuild/linux-ia32@0.18.16":
    version "0.18.16"
    resolved "https://registry.yarnpkg.com/@esbuild/linux-ia32/-/linux-ia32-0.18.16.tgz#a8825ccea6309f0bccfc5d87b43163ba804c2f20"
    integrity sha512-no+pfEpwnRvIyH+txbBAWtjxPU9grslmTBfsmDndj7bnBmr55rOo/PfQmRfz7Qg9isswt1FP5hBbWb23fRWnow==
  
  "@esbuild/linux-loong64@0.18.16":
    version "0.18.16"
    resolved "https://registry.yarnpkg.com/@esbuild/linux-loong64/-/linux-loong64-0.18.16.tgz#f530e820fc3c61cf2206155b994aeab53b6d25be"
    integrity sha512-Zbnczs9ZXjmo0oZSS0zbNlJbcwKXa/fcNhYQjahDs4Xg18UumpXG/lwM2lcSvHS3mTrRyCYZvJbmzYc4laRI1g==
  
  "@esbuild/linux-mips64el@0.18.16":
    version "0.18.16"
    resolved "https://registry.yarnpkg.com/@esbuild/linux-mips64el/-/linux-mips64el-0.18.16.tgz#2d47ace539257896865d243641bd6716684a1e82"
    integrity sha512-YMF7hih1HVR/hQVa/ot4UVffc5ZlrzEb3k2ip0nZr1w6fnYypll9td2qcoMLvd3o8j3y6EbJM3MyIcXIVzXvQQ==
  
  "@esbuild/linux-ppc64@0.18.16":
    version "0.18.16"
    resolved "https://registry.yarnpkg.com/@esbuild/linux-ppc64/-/linux-ppc64-0.18.16.tgz#d6913e7e9be9e242a6a20402800141bdbe7009f7"
    integrity sha512-Wkz++LZ29lDwUyTSEnzDaaP5OveOgTU69q9IyIw9WqLRxM4BjTBjz9un4G6TOvehWpf/J3gYVFN96TjGHrbcNQ==
  
  "@esbuild/linux-riscv64@0.18.16":
    version "0.18.16"
    resolved "https://registry.yarnpkg.com/@esbuild/linux-riscv64/-/linux-riscv64-0.18.16.tgz#8f33b627389c8234fe61f4636c134f17fb1d9b09"
    integrity sha512-LFMKZ30tk78/mUv1ygvIP+568bwf4oN6reG/uczXnz6SvFn4e2QUFpUpZY9iSJT6Qpgstrhef/nMykIXZtZWGQ==
  
  "@esbuild/linux-s390x@0.18.16":
    version "0.18.16"
    resolved "https://registry.yarnpkg.com/@esbuild/linux-s390x/-/linux-s390x-0.18.16.tgz#4d44c030f78962cf410f604f92fcc1505e4afdde"
    integrity sha512-3ZC0BgyYHYKfZo3AV2/66TD/I9tlSBaW7eWTEIkrQQKfJIifKMMttXl9FrAg+UT0SGYsCRLI35Gwdmm96vlOjg==
  
  "@esbuild/linux-x64@0.18.16":
    version "0.18.16"
    resolved "https://registry.yarnpkg.com/@esbuild/linux-x64/-/linux-x64-0.18.16.tgz#8846d00e16b1e93eb488c8b4dd51c946adfc236f"
    integrity sha512-xu86B3647DihHJHv/wx3NCz2Dg1gjQ8bbf9cVYZzWKY+gsvxYmn/lnVlqDRazObc3UMwoHpUhNYaZset4X8IPA==
  
  "@esbuild/netbsd-x64@0.18.16":
    version "0.18.16"
    resolved "https://registry.yarnpkg.com/@esbuild/netbsd-x64/-/netbsd-x64-0.18.16.tgz#6514a86bd07744f3100d2813ea2fb6520d53e72e"
    integrity sha512-uVAgpimx9Ffw3xowtg/7qQPwHFx94yCje+DoBx+LNm2ePDpQXHrzE+Sb0Si2VBObYz+LcRps15cq+95YM7gkUw==
  
  "@esbuild/openbsd-x64@0.18.16":
    version "0.18.16"
    resolved "https://registry.yarnpkg.com/@esbuild/openbsd-x64/-/openbsd-x64-0.18.16.tgz#ae67ce766d58aab6c0e6037f1a76f15df4a2a5fe"
    integrity sha512-6OjCQM9wf7z8/MBi6BOWaTL2AS/SZudsZtBziXMtNI8r/U41AxS9x7jn0ATOwVy08OotwkPqGRMkpPR2wcTJXA==
  
  "@esbuild/sunos-x64@0.18.16":
    version "0.18.16"
    resolved "https://registry.yarnpkg.com/@esbuild/sunos-x64/-/sunos-x64-0.18.16.tgz#998efe8a58374b7351ac710455051639a6ce6a05"
    integrity sha512-ZoNkruFYJp9d1LbUYCh8awgQDvB9uOMZqlQ+gGEZR7v6C+N6u7vPr86c+Chih8niBR81Q/bHOSKGBK3brJyvkQ==
  
  "@esbuild/win32-arm64@0.18.16":
    version "0.18.16"
    resolved "https://registry.yarnpkg.com/@esbuild/win32-arm64/-/win32-arm64-0.18.16.tgz#8de33682243508eef8d4de1816df2c05adad2b21"
    integrity sha512-+j4anzQ9hrs+iqO+/wa8UE6TVkKua1pXUb0XWFOx0FiAj6R9INJ+WE//1/Xo6FG1vB5EpH3ko+XcgwiDXTxcdw==
  
  "@esbuild/win32-ia32@0.18.16":
    version "0.18.16"
    resolved "https://registry.yarnpkg.com/@esbuild/win32-ia32/-/win32-ia32-0.18.16.tgz#95c9f4274fb3ef9e449d464ffe3e3b7fa091503b"
    integrity sha512-5PFPmq3sSKTp9cT9dzvI67WNfRZGvEVctcZa1KGjDDu4n3H8k59Inbk0du1fz0KrAbKKNpJbdFXQMDUz7BG4rQ==
  
  "@esbuild/win32-x64@0.18.16":
    version "0.18.16"
    resolved "https://registry.yarnpkg.com/@esbuild/win32-x64/-/win32-x64-0.18.16.tgz#5be58d31d0120c68af8e38b702e6937ce764cd68"
    integrity sha512-sCIVrrtcWN5Ua7jYXNG1xD199IalrbfV2+0k/2Zf2OyV2FtnQnMgdzgpRAbi4AWlKJj1jkX+M+fEGPQj6BQB4w==
  
  "@hotwired/stimulus@^3.0.1":
    version "3.2.1"
    resolved "https://registry.yarnpkg.com/@hotwired/stimulus/-/stimulus-3.2.1.tgz#e3de23623b0c52c247aba4cd5d530d257008676b"
    integrity sha512-HGlzDcf9vv/EQrMJ5ZG6VWNs8Z/xMN+1o2OhV1gKiSG6CqZt5MCBB1gRg5ILiN3U0jEAxuDTNPRfBcnZBDmupQ==
  
  "@hotwired/turbo-rails@^7.1.3":
    version "7.3.0"
    resolved "https://registry.yarnpkg.com/@hotwired/turbo-rails/-/turbo-rails-7.3.0.tgz#422c21752509f3edcd6c7b2725bbe9e157815f51"
    integrity sha512-fvhO64vp/a2UVQ3jue9WTc2JisMv9XilIC7ViZmXAREVwiQ2S4UC7Go8f9A1j4Xu7DBI6SbFdqILk5ImqVoqyA==
    dependencies:
      "@hotwired/turbo" "^7.3.0"
      "@rails/actioncable" "^7.0"
  
  "@hotwired/turbo@^7.3.0":
    version "7.3.0"
    resolved "https://registry.yarnpkg.com/@hotwired/turbo/-/turbo-7.3.0.tgz#2226000fff1aabda9fd9587474565c9929dbf15d"
    integrity sha512-Dcu+NaSvHLT7EjrDrkEmH4qET2ZJZ5IcCWmNXxNQTBwlnE5tBZfN6WxZ842n5cHV52DH/AKNirbPBtcEXDLW4g==
  
  "@rails/actioncable@^7.0":
    version "7.0.6"
    resolved "https://registry.yarnpkg.com/@rails/actioncable/-/actioncable-7.0.6.tgz#60765c8e9c357a0ba0840fb1e409caedc233ea0d"
    integrity sha512-ybBsUrIsu5geM8BtqnpM7ZA9D8uzSz+e1B4JR57NaCmasHKWap6AX5DT7NHIbp21opVet1qqoVSdsoLDqXeB2A==
  
  "@rails/request.js@^0.0.6":
    version "0.0.6"
    resolved "https://registry.yarnpkg.com/@rails/request.js/-/request.js-0.0.6.tgz#5f0347a9f363e50ec45118c7134080490cda81d8"
    integrity sha512-dfFWaQXitYJ4kxrgGJNhDNXX54/v10YgoJqBMVe6lhqs6a4N9WD7goZJEvwin82TtK8MqUNhwfyisgKwM6dMdg==
  
  "@spree/dashboard@^0.2.0", "@spree/dashboard@^0.2.1":
    version "0.2.1"
    resolved "https://registry.yarnpkg.com/@spree/dashboard/-/dashboard-0.2.1.tgz#6a799c6e6c696b72a88fa67f9edb4a55dca31d1a"
    integrity sha512-93/dJ4aqnyRjpOv3ytfBElyZYjlrHKK7Yq6smmhWbHfpmDW654iLrNHYy7gr+9ikoNs4ByUb5D28K6KsQr4XoQ==
    dependencies:
      "@hotwired/stimulus" "^3.0.1"
      "@hotwired/turbo-rails" "^7.1.3"
      "@rails/request.js" "^0.0.6"
      "@spree/dashboard" "^0.2.0"
      bootstrap "4.6.1"
      flatpickr "4.6.9"
      jquery "3.5.1"
      popper.js "1.16.1"
      sortablejs "^1.14.0"
      stimulus-sortable "^3.1.0"
  
  bootstrap@4.6.1:
    version "4.6.1"
    resolved "https://registry.yarnpkg.com/bootstrap/-/bootstrap-4.6.1.tgz#bc25380c2c14192374e8dec07cf01b2742d222a2"
    integrity sha512-0dj+VgI9Ecom+rvvpNZ4MUZJz8dcX7WCX+eTID9+/8HgOkv3dsRzi8BGeZJCQU6flWQVYxwTQnEZFrmJSEO7og==
  
  esbuild@^0.18.16:
    version "0.18.16"
    resolved "https://registry.yarnpkg.com/esbuild/-/esbuild-0.18.16.tgz#bbeb058c556152bcbff4e8168e7c93020ccf09c3"
    integrity sha512-1xLsOXrDqwdHxyXb/x/SOyg59jpf/SH7YMvU5RNSU7z3TInaASNJWNFJ6iRvLvLETZMasF3d1DdZLg7sgRimRQ==
    optionalDependencies:
      "@esbuild/android-arm" "0.18.16"
      "@esbuild/android-arm64" "0.18.16"
      "@esbuild/android-x64" "0.18.16"
      "@esbuild/darwin-arm64" "0.18.16"
      "@esbuild/darwin-x64" "0.18.16"
      "@esbuild/freebsd-arm64" "0.18.16"
      "@esbuild/freebsd-x64" "0.18.16"
      "@esbuild/linux-arm" "0.18.16"
      "@esbuild/linux-arm64" "0.18.16"
      "@esbuild/linux-ia32" "0.18.16"
      "@esbuild/linux-loong64" "0.18.16"
      "@esbuild/linux-mips64el" "0.18.16"
      "@esbuild/linux-ppc64" "0.18.16"
      "@esbuild/linux-riscv64" "0.18.16"
      "@esbuild/linux-s390x" "0.18.16"
      "@esbuild/linux-x64" "0.18.16"
      "@esbuild/netbsd-x64" "0.18.16"
      "@esbuild/openbsd-x64" "0.18.16"
      "@esbuild/sunos-x64" "0.18.16"
      "@esbuild/win32-arm64" "0.18.16"
      "@esbuild/win32-ia32" "0.18.16"
      "@esbuild/win32-x64" "0.18.16"
  
  flatpickr@4.6.9:
    version "4.6.9"
    resolved "https://registry.yarnpkg.com/flatpickr/-/flatpickr-4.6.9.tgz#9a13383e8a6814bda5d232eae3fcdccb97dc1499"
    integrity sha512-F0azNNi8foVWKSF+8X+ZJzz8r9sE1G4hl06RyceIaLvyltKvDl6vqk9Lm/6AUUCi5HWaIjiUbk7UpeE/fOXOpw==
  
  jquery@3.5.1:
    version "3.5.1"
    resolved "https://registry.yarnpkg.com/jquery/-/jquery-3.5.1.tgz#d7b4d08e1bfdb86ad2f1a3d039ea17304717abb5"
    integrity sha512-XwIBPqcMn57FxfT+Go5pzySnm4KWkT1Tv7gjrpT1srtf8Weynl6R273VJ5GjkRb51IzMp5nbaPjJXMWeju2MKg==
  
  popper.js@1.16.1:
    version "1.16.1"
    resolved "https://registry.yarnpkg.com/popper.js/-/popper.js-1.16.1.tgz#2a223cb3dc7b6213d740e40372be40de43e65b1b"
    integrity sha512-Wb4p1J4zyFTbM+u6WuO4XstYx4Ky9Cewe4DWrel7B0w6VVICvPwdOpotjzcf6eD8TsckVnIMNONQyPIUFOUbCQ==
  
  sortablejs@^1.14.0:
    version "1.15.0"
    resolved "https://registry.yarnpkg.com/sortablejs/-/sortablejs-1.15.0.tgz#53230b8aa3502bb77a29e2005808ffdb4a5f7e2a"
    integrity sha512-bv9qgVMjUMf89wAvM6AxVvS/4MX3sPeN0+agqShejLU5z5GX4C75ow1O2e5k4L6XItUyAK3gH6AxSbXrOM5e8w==
  
  stimulus-sortable@^3.1.0:
    version "3.3.0"
    resolved "https://registry.yarnpkg.com/stimulus-sortable/-/stimulus-sortable-3.3.0.tgz#92b4ef4697fcd7a10cc4f898dccc45e9065fb0a0"
    integrity sha512-rmG7lnSHGgPvE3NJACS+4GIrrJ4lKcyjQjP9SgNTU6Mh+2TNsgK5ahm38CvSYR6dSuY/eSAMcpQXM/7kOJEA5Q==
